#
# There is insufficient memory for the Java Runtime Environment to continue.
# Native memory allocation (mmap) failed to map 266338304 bytes for G1 virtual space
# Possible reasons:
#   The system is out of physical RAM or swap space
#   The process is running with CompressedOops enabled, and the Java Heap may be blocking the growth of the native heap
# Possible solutions:
#   Reduce memory load on the system
#   Increase physical memory or swap space
#   Check if swap backing store is full
#   Decrease Java heap size (-Xmx/-Xms)
#   Decrease number of Java threads
#   Decrease Java thread stack sizes (-Xss)
#   Set larger code cache with -XX:ReservedCodeCacheSize=
#   JVM is running with Zero Based Compressed Oops mode in which the Java heap is
#     placed in the first 32GB address space. The Java Heap base address is the
#     maximum limit for the native heap growth. Please use -XX:HeapBaseMinAddress
#     to set the Java Heap base and to place the Java Heap above 32GB virtual address.
# This output file may be truncated or incomplete.
#
#  Out of Memory Error (os_windows.cpp:3550), pid=12556, tid=13116
#
# JRE version:  (17.0.8+9) (build )
# Java VM: Java HotSpot(TM) 64-Bit Server VM (17.0.8+9-LTS-211, mixed mode, sharing, tiered, compressed oops, compressed class ptrs, g1 gc, windows-amd64)
# No core dump will be written. Minidumps are not enabled by default on client versions of Windows
#

---------------  S U M M A R Y ------------

Command Line: -Dfile.encoding=UTF-8 -XX:+ShowCodeDetailsInExceptionMessages bit701.day0906.Ex10_ArrayRank

Host: Intel(R) Core(TM) i7-9700 CPU @ 3.00GHz, 8 cores, 15G,  Windows 11 , 64 bit Build 22621 (10.0.22621.2070)
Time: Wed Sep  6 20:35:10 2023  Windows 11 , 64 bit Build 22621 (10.0.22621.2070) elapsed time: 0.007324 seconds (0d 0h 0m 0s)

---------------  T H R E A D  ---------------

Current thread (0x000001f4336982e0):  JavaThread "Unknown thread" [_thread_in_vm, id=13116, stack(0x000000f0e4400000,0x000000f0e4500000)]

Stack: [0x000000f0e4400000,0x000000f0e4500000]
Native frames: (J=compiled Java code, j=interpreted, Vv=VM code, C=native code)
V  [jvm.dll+0x677d0a]
V  [jvm.dll+0x7d8c54]
V  [jvm.dll+0x7da3fe]
V  [jvm.dll+0x7daa63]
V  [jvm.dll+0x245c5f]
V  [jvm.dll+0x674bb9]
V  [jvm.dll+0x6694f2]
V  [jvm.dll+0x3031d6]
V  [jvm.dll+0x30a756]
V  [jvm.dll+0x359f9e]
V  [jvm.dll+0x35a1cf]
V  [jvm.dll+0x2da3e8]
V  [jvm.dll+0x2db354]
V  [jvm.dll+0x7aa711]
V  [jvm.dll+0x367b51]
V  [jvm.dll+0x789979]
V  [jvm.dll+0x3eb05f]
V  [jvm.dll+0x3ecae1]
C  [jli.dll+0x5297]
C  [ucrtbase.dll+0x29363]
C  [KERNEL32.DLL+0x126ad]
C  [ntdll.dll+0x5aa68]


---------------  P R O C E S S  ---------------

Threads class SMR info:
_java_thread_list=0x00007ffbc13759d8, length=0, elements={
}

Java Threads: ( => current thread )

Other Threads:
  0x000001f433706110 GCTaskThread "GC Thread#0" [stack: 0x000000f0e4500000,0x000000f0e4600000] [id=16480]
  0x000001f433716ce0 ConcurrentGCThread "G1 Main Marker" [stack: 0x000000f0e4600000,0x000000f0e4700000] [id=2608]
  0x000001f433717600 ConcurrentGCThread "G1 Conc#0" [stack: 0x000000f0e4700000,0x000000f0e4800000] [id=2992]

[error occurred during error reporting (printing all threads), id 0xc0000005, EXCEPTION_ACCESS_VIOLATION (0xc0000005) at pc=0x00007ffbc0bab047]

VM state: not at safepoint (not fully initialized)

VM Mutex/Monitor currently owned by a thread:  ([mutex/lock_event])
[0x000001f433694c00] Heap_lock - owner thread: 0x000001f4336982e0

Heap address: 0x0000000702800000, size: 4056 MB, Compressed Oops mode: Zero based, Oop shift amount: 3

CDS archive(s) mapped at: [0x0000000000000000-0x0000000000000000-0x0000000000000000), size 0, SharedBaseAddress: 0x0000000800000000, ArchiveRelocationMode: 1.
Narrow klass base: 0x0000000000000000, Narrow klass shift: 0, Narrow klass range: 0x0

GC Precious Log:
<Empty>

Heap:
 garbage-first heap   total 0K, used 0K [0x0000000702800000, 0x0000000800000000)
  region size 2048K, 0 young (0K), 0 survivors (0K)

[error occurred during error reporting (printing heap information), id 0xc0000005, EXCEPTION_ACCESS_VIOLATION (0xc0000005) at pc=0x00007ffbc0f91499]

GC Heap History (0 events):
No events

Deoptimization events (0 events):
No events

Classes unloaded (0 events):
No events

Classes redefined (0 events):
No events

Internal exceptions (0 events):
No events

VM Operations (0 events):
No events

Events (1 events):
Event: 0.005 Loaded shared library C:\Program Files\Java\jdk-17\bin\java.dll


Dynamic libraries:
0x00007ff6d0520000 - 0x00007ff6d0530000 	C:\Program Files\Java\jdk-17\bin\javaw.exe
0x00007ffbf6230000 - 0x00007ffbf6444000 	C:\Windows\SYSTEM32\ntdll.dll
0x00007ffbf5ef0000 - 0x00007ffbf5fb4000 	C:\Windows\System32\KERNEL32.DLL
0x00007ffbf3c40000 - 0x00007ffbf3fe4000 	C:\Windows\System32\KERNELBASE.dll
0x00007ffbf3610000 - 0x00007ffbf3721000 	C:\Windows\System32\ucrtbase.dll
0x00007ffbc7700000 - 0x00007ffbc771b000 	C:\Program Files\Java\jdk-17\bin\VCRUNTIME140.dll
0x00007ffbe84d0000 - 0x00007ffbe84e9000 	C:\Program Files\Java\jdk-17\bin\jli.dll
0x00007ffbf4480000 - 0x00007ffbf4530000 	C:\Windows\System32\ADVAPI32.dll
0x00007ffbf5550000 - 0x00007ffbf55f7000 	C:\Windows\System32\msvcrt.dll
0x00007ffbf60c0000 - 0x00007ffbf6166000 	C:\Windows\System32\sechost.dll
0x00007ffbf4fa0000 - 0x00007ffbf50b7000 	C:\Windows\System32\RPCRT4.dll
0x00007ffbf5370000 - 0x00007ffbf551a000 	C:\Windows\System32\USER32.dll
0x00007ffbd5da0000 - 0x00007ffbd602f000 	C:\Windows\WinSxS\amd64_microsoft.windows.common-controls_6595b64144ccf1df_6.0.22621.2070_none_2713e6537381f706\COMCTL32.dll
0x00007ffbf3850000 - 0x00007ffbf3876000 	C:\Windows\System32\win32u.dll
0x00007ffbf4530000 - 0x00007ffbf4559000 	C:\Windows\System32\GDI32.dll
0x00007ffbf3b20000 - 0x00007ffbf3c39000 	C:\Windows\System32\gdi32full.dll
0x00007ffbf3730000 - 0x00007ffbf37ca000 	C:\Windows\System32\msvcp_win.dll
0x00007ffbec7d0000 - 0x00007ffbec7da000 	C:\Windows\SYSTEM32\VERSION.dll
0x00007ffbf4c20000 - 0x00007ffbf4c51000 	C:\Windows\System32\IMM32.DLL
0x00007ffbe82c0000 - 0x00007ffbe82cc000 	C:\Program Files\Java\jdk-17\bin\vcruntime140_1.dll
0x00007ffbc31e0000 - 0x00007ffbc326e000 	C:\Program Files\Java\jdk-17\bin\msvcp140.dll
0x00007ffbc08c0000 - 0x00007ffbc149e000 	C:\Program Files\Java\jdk-17\bin\server\jvm.dll
0x00007ffbf4e60000 - 0x00007ffbf4e68000 	C:\Windows\System32\PSAPI.DLL
0x00007ffbf0790000 - 0x00007ffbf0799000 	C:\Windows\SYSTEM32\WSOCK32.dll
0x00007ffbdcc00000 - 0x00007ffbdcc34000 	C:\Windows\SYSTEM32\WINMM.dll
0x00007ffbf6170000 - 0x00007ffbf61e1000 	C:\Windows\System32\WS2_32.dll
0x00007ffbf2600000 - 0x00007ffbf2618000 	C:\Windows\SYSTEM32\kernel.appcore.dll
0x00007ffbeecb0000 - 0x00007ffbeecba000 	C:\Program Files\Java\jdk-17\bin\jimage.dll
0x00007ffbe1fc0000 - 0x00007ffbe21ee000 	C:\Windows\SYSTEM32\DBGHELP.DLL
0x00007ffbf40f0000 - 0x00007ffbf447a000 	C:\Windows\System32\combase.dll
0x00007ffbf4e70000 - 0x00007ffbf4f47000 	C:\Windows\System32\OLEAUT32.dll
0x00007ffbe1e40000 - 0x00007ffbe1e72000 	C:\Windows\SYSTEM32\dbgcore.DLL
0x00007ffbf37d0000 - 0x00007ffbf384a000 	C:\Windows\System32\bcryptPrimitives.dll
0x00007ffbeb450000 - 0x00007ffbeb475000 	C:\Program Files\Java\jdk-17\bin\java.dll

dbghelp: loaded successfully - version: 4.0.5 - missing functions: none
symbol engine: initialized successfully - sym options: 0x614 - pdb path: .;C:\Program Files\Java\jdk-17\bin;C:\Windows\SYSTEM32;C:\Windows\WinSxS\amd64_microsoft.windows.common-controls_6595b64144ccf1df_6.0.22621.2070_none_2713e6537381f706;C:\Program Files\Java\jdk-17\bin\server

VM Arguments:
jvm_args: -Dfile.encoding=UTF-8 -XX:+ShowCodeDetailsInExceptionMessages 
java_command: bit701.day0906.Ex10_ArrayRank
java_class_path (initial): D:\naver0829\workstudy\javawork\NaverJavaProject\bin
Launcher Type: SUN_STANDARD

[Global flags]
     intx CICompilerCount                          = 4                                         {product} {ergonomic}
     uint ConcGCThreads                            = 2                                         {product} {ergonomic}
     uint G1ConcRefinementThreads                  = 8                                         {product} {ergonomic}
   size_t G1HeapRegionSize                         = 2097152                                   {product} {ergonomic}
    uintx GCDrainStackTargetSize                   = 64                                        {product} {ergonomic}
   size_t InitialHeapSize                          = 266338304                                 {product} {ergonomic}
   size_t MarkStackSize                            = 4194304                                   {product} {ergonomic}
   size_t MaxHeapSize                              = 4253024256                                {product} {ergonomic}
   size_t MinHeapDeltaBytes                        = 2097152                                   {product} {ergonomic}
   size_t MinHeapSize                              = 8388608                                   {product} {ergonomic}
    uintx NonNMethodCodeHeapSize                   = 5839372                                {pd product} {ergonomic}
    uintx NonProfiledCodeHeapSize                  = 122909434                              {pd product} {ergonomic}
    uintx ProfiledCodeHeapSize                     = 122909434                              {pd product} {ergonomic}
    uintx ReservedCodeCacheSize                    = 251658240                              {pd product} {ergonomic}
     bool SegmentedCodeCache                       = true                                      {product} {ergonomic}
     bool ShowCodeDetailsInExceptionMessages       = true                                   {manageable} {command line}
   size_t SoftMaxHeapSize                          = 4253024256                             {manageable} {ergonomic}
     bool UseCompressedClassPointers               = true                           {product lp64_product} {ergonomic}
     bool UseCompressedOops                        = true                           {product lp64_product} {ergonomic}
     bool UseG1GC                                  = true                                      {product} {ergonomic}
     bool UseLargePagesIndividualAllocation        = false                                  {pd product} {ergonomic}

Logging:
Log output configuration:
 #0: stdout all=warning uptime,level,tags
 #1: stderr all=off uptime,level,tags

Environment Variables:
JAVA_HOME=C:\Program Files\Java\jdk-17
PATH=C:/Program Files/Java/jdk-17/bin/server;C:/Program Files/Java/jdk-17/bin;C:\Program Files\Common Files\Oracle\Java\javapath;C:\Windows\system32;C:\Windows;C:\Windows\System32\Wbem;C:\Windows\System32\WindowsPowerShell\v1.0\;C:\Windows\System32\OpenSSH\;%JAVA_HOME%\bin;C:\Program Files\Git\cmd;C:\Users\bitcamp\AppData\Local\Microsoft\WindowsApps;;C:\Users\bitcamp\AppData\Local\Programs\Microsoft VS Code\bin;C:\Users\bitcamp\Desktop;
USERNAME=bitcamp
OS=Windows_NT
PROCESSOR_IDENTIFIER=Intel64 Family 6 Model 158 Stepping 13, GenuineIntel



---------------  S Y S T E M  ---------------

OS:
 Windows 11 , 64 bit Build 22621 (10.0.22621.2070)
OS uptime: 21 days 1:16 hours

CPU: total 8 (initial active 8) (8 cores per cpu, 1 threads per core) family 6 model 158 stepping 13 microcode 0xec, cx8, cmov, fxsr, mmx, 3dnowpref, sse, sse2, sse3, ssse3, sse4.1, sse4.2, popcnt, lzcnt, tsc, tscinvbit, avx, avx2, aes, erms, clmul, bmi1, bmi2, adx, fma, vzeroupper, clflush, clflushopt

Memory: 4k page, system-wide physical 16222M (3213M free)
TotalPageFile size 46545M (AvailPageFile size 171M)
current process WorkingSet (physical memory assigned to process): 11M, peak: 11M
current process commit charge ("private bytes"): 60M, peak: 314M

vm_info: Java HotSpot(TM) 64-Bit Server VM (17.0.8+9-LTS-211) for windows-amd64 JRE (17.0.8+9-LTS-211), built on Jun 14 2023 10:34:31 by "mach5one" with MS VC++ 17.1 (VS2022)

END.
